<?xml version="1.0" encoding="UTF-8" standalone="no"?><testsuite errors="1" failures="0" name="Añadir productos al carrito y diligenciar la información de entrega" skipped="0" tests="1" time="0.0" timestamp="2025-03-06 05:55:51"><testcase name="Un usuario registrado selecciona productos y completa la compra"><error message="Cannot locate option with text: Entre 9:00 a.m. y 1:00 pm. (Cierra 11:00 am del mismo dÃ­a)&#10;For documentation on this error, please visit: https://www.selenium.dev/documentation/webdriver/troubleshooting/errors#no-such-element-exception&#10;Build info: version: '4.27.0', revision: 'd6e718d134'&#10;System info: os.name: 'Windows 11', os.arch: 'amd64', os.version: '10.0', java.version: '17.0.12'&#10;Driver info: driver.version: unknown" type="org.openqa.selenium.NoSuchElementException">Cannot locate option with text: Entre 9:00 a.m. y 1:00 pm. (Cierra 11:00 am del mismo dÃ­a)
For documentation on this error, please visit: https://www.selenium.dev/documentation/webdriver/troubleshooting/errors#no-such-element-exception
Build info: version: '4.27.0', revision: 'd6e718d134'
System info: os.name: 'Windows 11', os.arch: 'amd64', os.version: '10.0', java.version: '17.0.12'
Driver info: driver.version: unknown</error><system-err>Cannot locate option with text: Entre 9:00 a.m. y 1:00 pm. (Cierra 11:00 am del mismo dÃ­a)
For documentation on this error, please visit: https://www.selenium.dev/documentation/webdriver/troubleshooting/errors#no-such-element-exception
Build info: version: '4.27.0', revision: 'd6e718d134'
System info: os.name: 'Windows 11', os.arch: 'amd64', os.version: '10.0', java.version: '17.0.12'
Driver info: driver.version: unknown&#13;
co.com.sqasa.tasks.SelectDeliveryDateAndTime.performAs(SelectDeliveryDateAndTime.java:16)&#13;
co.com.sqasa.stepdefinitions.AddToCartStepDefinitions.seleccionaLaFechaYElHorarioDeEntrega(AddToCartStepDefinitions.java:57)&#13;
worker.org.gradle.process.internal.worker.GradleWorkerMain.run(GradleWorkerMain.java:69)&#13;
worker.org.gradle.process.internal.worker.GradleWorkerMain.main(GradleWorkerMain.java:74)&#13;
</system-err></testcase></testsuite>